
  ___  ____  ____  ____  ____ ®
 /__    /   ____/   /   ____/      17.0
___/   /   /___/   /   /___/       MP—Parallel Edition

 Statistics and Data Science       Copyright 1985-2021 StataCorp LLC
                                   StataCorp
                                   4905 Lakeway Drive
                                   College Station, Texas 77845 USA
                                   800-STATA-PC        https://www.stata.com
                                   979-696-4600        stata@stata.com

Stata license: 2-user 32-core network, expiring 27 Apr 2024
Serial number: 501709300062
  Licensed to: Lars Vilhuber (Data Editor)
               American Economic Association

Notes:
      1. Stata is running in batch mode.
      2. Unicode is supported; see help unicode_advice.
      3. More than 2 billion observations are allowed; see help obs_advice.
      4. Maximum number of variables is set to 5,000 but can be increased;
          see help set_maxvar.

. do convert_signalcommands.do 

. // convert_signalcommands 
. 
. version 14

. 
. // convert_signalcommands from Sergio Correia
. 
. global infile "keyword-package-crosswalk.dta"

. global outfile "p_signalcommands.txt"

. 
. use "$infile", clear

. keep if extension == "ado"
(75 observations deleted)

. keep keyword package 

. rename keyword Signals

. rename package Package

. 
. // save as txt file, no delimiters
. outsheet using "$outfile", replace noquote

. 
end of do-file
